<?xml version="1.0" encoding="UTF-8"?>
<coverage generated="1538114090425" clover="3.2.0">
  <project timestamp="1538114090426" name="All files">
    <metrics statements="144" coveredstatements="142" conditionals="10" coveredconditionals="10" methods="44" coveredmethods="39" elements="198" coveredelements="191" complexity="0" loc="144" ncloc="144" packages="6" files="14" classes="14">
      <package name="app">
        <metrics statements="27" coveredstatements="27" conditionals="0" coveredconditionals="0" methods="0" coveredmethods="0"/>
        <file name="Theme.js" path="C:\Projects\OrdersTakerMobile\app\Theme.js">
          <metrics statements="2" coveredstatements="2" conditionals="0" coveredconditionals="0" methods="0" coveredmethods="0"/>
          <line num="1" count="4" type="stmt"/>
          <line num="14" count="4" type="stmt"/>
        </file>
        <file name="config.js" path="C:\Projects\OrdersTakerMobile\app\config.js">
          <metrics statements="22" coveredstatements="22" conditionals="0" coveredconditionals="0" methods="0" coveredmethods="0"/>
          <line num="1" count="3" type="stmt"/>
          <line num="2" count="3" type="stmt"/>
          <line num="3" count="3" type="stmt"/>
          <line num="4" count="3" type="stmt"/>
          <line num="7" count="3" type="stmt"/>
          <line num="9" count="3" type="stmt"/>
          <line num="11" count="3" type="stmt"/>
          <line num="12" count="3" type="stmt"/>
          <line num="14" count="3" type="stmt"/>
          <line num="15" count="3" type="stmt"/>
          <line num="16" count="3" type="stmt"/>
          <line num="17" count="3" type="stmt"/>
          <line num="18" count="3" type="stmt"/>
          <line num="21" count="3" type="stmt"/>
          <line num="22" count="3" type="stmt"/>
          <line num="25" count="3" type="stmt"/>
          <line num="26" count="3" type="stmt"/>
          <line num="27" count="3" type="stmt"/>
          <line num="28" count="3" type="stmt"/>
          <line num="29" count="3" type="stmt"/>
          <line num="32" count="3" type="stmt"/>
          <line num="33" count="3" type="stmt"/>
        </file>
        <file name="setupTests.js" path="C:\Projects\OrdersTakerMobile\app\setupTests.js">
          <metrics statements="3" coveredstatements="3" conditionals="0" coveredconditionals="0" methods="0" coveredmethods="0"/>
          <line num="2" count="6" type="stmt"/>
          <line num="3" count="6" type="stmt"/>
          <line num="5" count="6" type="stmt"/>
        </file>
      </package>
      <package name="app.actions">
        <metrics statements="61" coveredstatements="61" conditionals="0" coveredconditionals="0" methods="27" coveredmethods="26"/>
        <file name="ActionTypes.js" path="C:\Projects\OrdersTakerMobile\app\actions\ActionTypes.js">
          <metrics statements="14" coveredstatements="14" conditionals="0" coveredconditionals="0" methods="0" coveredmethods="0"/>
          <line num="1" count="3" type="stmt"/>
          <line num="2" count="3" type="stmt"/>
          <line num="3" count="3" type="stmt"/>
          <line num="4" count="3" type="stmt"/>
          <line num="5" count="3" type="stmt"/>
          <line num="6" count="3" type="stmt"/>
          <line num="7" count="3" type="stmt"/>
          <line num="8" count="3" type="stmt"/>
          <line num="9" count="3" type="stmt"/>
          <line num="10" count="3" type="stmt"/>
          <line num="11" count="3" type="stmt"/>
          <line num="12" count="3" type="stmt"/>
          <line num="13" count="3" type="stmt"/>
          <line num="14" count="3" type="stmt"/>
        </file>
        <file name="ApiUrls.js" path="C:\Projects\OrdersTakerMobile\app\actions\ApiUrls.js">
          <metrics statements="19" coveredstatements="19" conditionals="0" coveredconditionals="0" methods="0" coveredmethods="0"/>
          <line num="1" count="3" type="stmt"/>
          <line num="4" count="3" type="stmt"/>
          <line num="5" count="3" type="stmt"/>
          <line num="6" count="3" type="stmt"/>
          <line num="7" count="3" type="stmt"/>
          <line num="8" count="3" type="stmt"/>
          <line num="9" count="3" type="stmt"/>
          <line num="11" count="3" type="stmt"/>
          <line num="12" count="3" type="stmt"/>
          <line num="13" count="3" type="stmt"/>
          <line num="14" count="3" type="stmt"/>
          <line num="15" count="3" type="stmt"/>
          <line num="16" count="3" type="stmt"/>
          <line num="17" count="3" type="stmt"/>
          <line num="18" count="3" type="stmt"/>
          <line num="19" count="3" type="stmt"/>
          <line num="20" count="3" type="stmt"/>
          <line num="21" count="3" type="stmt"/>
          <line num="22" count="3" type="stmt"/>
        </file>
        <file name="BasicInformationActions.js" path="C:\Projects\OrdersTakerMobile\app\actions\BasicInformationActions.js">
          <metrics statements="8" coveredstatements="8" conditionals="0" coveredconditionals="0" methods="5" coveredmethods="5"/>
          <line num="1" count="1" type="stmt"/>
          <line num="3" count="1" type="stmt"/>
          <line num="4" count="1" type="stmt"/>
          <line num="6" count="1" type="stmt"/>
          <line num="11" count="2" type="stmt"/>
          <line num="12" count="1" type="stmt"/>
          <line num="13" count="1" type="stmt"/>
          <line num="15" count="1" type="stmt"/>
        </file>
        <file name="UserActions.js" path="C:\Projects\OrdersTakerMobile\app\actions\UserActions.js">
          <metrics statements="20" coveredstatements="20" conditionals="0" coveredconditionals="0" methods="22" coveredmethods="21"/>
          <line num="1" count="2" type="stmt"/>
          <line num="3" count="2" type="stmt"/>
          <line num="4" count="2" type="stmt"/>
          <line num="7" count="2" type="stmt"/>
          <line num="10" count="2" type="stmt"/>
          <line num="15" count="4" type="stmt"/>
          <line num="20" count="2" type="stmt"/>
          <line num="25" count="2" type="stmt"/>
          <line num="27" count="2" type="stmt"/>
          <line num="29" count="2" type="stmt"/>
          <line num="30" count="1" type="stmt"/>
          <line num="32" count="1" type="stmt"/>
          <line num="34" count="2" type="stmt"/>
          <line num="36" count="3" type="stmt"/>
          <line num="38" count="2" type="stmt"/>
          <line num="39" count="2" type="stmt"/>
          <line num="41" count="2" type="stmt"/>
          <line num="42" count="2" type="stmt"/>
          <line num="44" count="2" type="stmt"/>
          <line num="45" count="2" type="stmt"/>
        </file>
      </package>
      <package name="app.components.DarkerStatusBar">
        <metrics statements="7" coveredstatements="7" conditionals="0" coveredconditionals="0" methods="1" coveredmethods="1"/>
        <file name="DarkerStatusBar.js" path="C:\Projects\OrdersTakerMobile\app\components\DarkerStatusBar\DarkerStatusBar.js">
          <metrics statements="5" coveredstatements="5" conditionals="0" coveredconditionals="0" methods="1" coveredmethods="1"/>
          <line num="1" count="2" type="stmt"/>
          <line num="2" count="2" type="stmt"/>
          <line num="4" count="2" type="stmt"/>
          <line num="6" count="2" type="stmt"/>
          <line num="11" count="2" type="stmt"/>
        </file>
        <file name="index.js" path="C:\Projects\OrdersTakerMobile\app\components\DarkerStatusBar\index.js">
          <metrics statements="2" coveredstatements="2" conditionals="0" coveredconditionals="0" methods="0" coveredmethods="0"/>
          <line num="1" count="2" type="stmt"/>
          <line num="3" count="2" type="stmt"/>
        </file>
      </package>
      <package name="app.components.LoginForm">
        <metrics statements="29" coveredstatements="27" conditionals="10" coveredconditionals="10" methods="14" coveredmethods="10"/>
        <file name="LoginForm.js" path="C:\Projects\OrdersTakerMobile\app\components\LoginForm\LoginForm.js">
          <metrics statements="25" coveredstatements="23" conditionals="10" coveredconditionals="10" methods="14" coveredmethods="10"/>
          <line num="1" count="1" type="stmt"/>
          <line num="2" count="1" type="stmt"/>
          <line num="3" count="1" type="stmt"/>
          <line num="4" count="1" type="stmt"/>
          <line num="6" count="1" type="stmt"/>
          <line num="7" count="1" type="stmt"/>
          <line num="26" count="1" type="stmt"/>
          <line num="27" count="1" type="stmt"/>
          <line num="32" count="26" type="stmt"/>
          <line num="37" count="9" type="stmt"/>
          <line num="61" count="1" type="stmt"/>
          <line num="63" count="1" type="stmt"/>
          <line num="65" count="9" type="stmt"/>
          <line num="74" count="3" type="stmt"/>
          <line num="76" count="9" type="cond" truecount="2" falsecount="0"/>
          <line num="84" count="3" type="stmt"/>
          <line num="86" count="9" type="cond" truecount="2" falsecount="0"/>
          <line num="96" count="21" type="stmt"/>
          <line num="98" count="21" type="stmt"/>
          <line num="148" count="24" type="cond" truecount="4" falsecount="0"/>
          <line num="151" count="1" type="stmt"/>
          <line num="154" count="1" type="stmt"/>
          <line num="155" count="0" type="stmt"/>
          <line num="156" count="0" type="stmt"/>
          <line num="158" count="1" type="stmt"/>
        </file>
        <file name="Styles.js" path="C:\Projects\OrdersTakerMobile\app\components\LoginForm\Styles.js">
          <metrics statements="4" coveredstatements="4" conditionals="0" coveredconditionals="0" methods="0" coveredmethods="0"/>
          <line num="1" count="1" type="stmt"/>
          <line num="3" count="1" type="stmt"/>
          <line num="5" count="1" type="stmt"/>
          <line num="17" count="1" type="stmt"/>
        </file>
      </package>
      <package name="app.components.SocialLoginPanel">
        <metrics statements="12" coveredstatements="12" conditionals="0" coveredconditionals="0" methods="1" coveredmethods="1"/>
        <file name="SocialLoginPanel.js" path="C:\Projects\OrdersTakerMobile\app\components\SocialLoginPanel\SocialLoginPanel.js">
          <metrics statements="8" coveredstatements="8" conditionals="0" coveredconditionals="0" methods="1" coveredmethods="1"/>
          <line num="1" count="1" type="stmt"/>
          <line num="2" count="1" type="stmt"/>
          <line num="3" count="1" type="stmt"/>
          <line num="5" count="1" type="stmt"/>
          <line num="6" count="1" type="stmt"/>
          <line num="8" count="1" type="stmt"/>
          <line num="35" count="1" type="stmt"/>
          <line num="42" count="1" type="stmt"/>
        </file>
        <file name="Styles.js" path="C:\Projects\OrdersTakerMobile\app\components\SocialLoginPanel\Styles.js">
          <metrics statements="4" coveredstatements="4" conditionals="0" coveredconditionals="0" methods="0" coveredmethods="0"/>
          <line num="1" count="1" type="stmt"/>
          <line num="2" count="1" type="stmt"/>
          <line num="4" count="1" type="stmt"/>
          <line num="19" count="1" type="stmt"/>
        </file>
      </package>
      <package name="app.screens">
        <metrics statements="8" coveredstatements="8" conditionals="0" coveredconditionals="0" methods="1" coveredmethods="1"/>
        <file name="SafeAreaScreen.js" path="C:\Projects\OrdersTakerMobile\app\screens\SafeAreaScreen.js">
          <metrics statements="8" coveredstatements="8" conditionals="0" coveredconditionals="0" methods="1" coveredmethods="1"/>
          <line num="1" count="1" type="stmt"/>
          <line num="2" count="1" type="stmt"/>
          <line num="4" count="1" type="stmt"/>
          <line num="5" count="1" type="stmt"/>
          <line num="7" count="1" type="stmt"/>
          <line num="25" count="1" type="stmt"/>
          <line num="28" count="1" type="stmt"/>
          <line num="31" count="1" type="stmt"/>
        </file>
      </package>
    </metrics>
  </project>
</coverage>
