{"C:\\Projects\\OrdersTakerMobile\\app\\Theme.js": {"path":"C:\\Projects\\OrdersTakerMobile\\app\\Theme.js","statementMap":{"0":{"start":{"line":1,"column":13},"end":{"line":1,"column":75}},"1":{"start":{"line":1,"column":75},"end":{"line":1,"column":100}},"2":{"start":{"line":1,"column":115},"end":{"line":14,"column":35}},"3":{"start":{"line":14,"column":36},"end":{"line":14,"column":63}}},"fnMap":{},"branchMap":{},"s":{"0":6,"1":6,"2":6,"3":6},"f":{},"b":{},"_coverageSchema":"332fd63041d2c1bcb487cc26dd0d5f7d97098a6c","hash":"b919bf2ed324511a3d6c45ad5bbb93c76383ab35"}
,"C:\\Projects\\OrdersTakerMobile\\app\\config.js": {"path":"C:\\Projects\\OrdersTakerMobile\\app\\config.js","statementMap":{"0":{"start":{"line":1,"column":13},"end":{"line":1,"column":75}},"1":{"start":{"line":1,"column":75},"end":{"line":1,"column":725}},"2":{"start":{"line":1,"column":743},"end":{"line":1,"column":760}},"3":{"start":{"line":1,"column":761},"end":{"line":1,"column":795}},"4":{"start":{"line":2,"column":25},"end":{"line":2,"column":26}},"5":{"start":{"line":2,"column":27},"end":{"line":2,"column":75}},"6":{"start":{"line":3,"column":22},"end":{"line":3,"column":23}},"7":{"start":{"line":3,"column":24},"end":{"line":3,"column":66}},"8":{"start":{"line":4,"column":23},"end":{"line":4,"column":24}},"9":{"start":{"line":4,"column":25},"end":{"line":4,"column":69}},"10":{"start":{"line":7,"column":15},"end":{"line":7,"column":59}},"11":{"start":{"line":7,"column":60},"end":{"line":7,"column":88}},"12":{"start":{"line":9,"column":19},"end":{"line":9,"column":63}},"13":{"start":{"line":9,"column":64},"end":{"line":9,"column":100}},"14":{"start":{"line":11,"column":31},"end":{"line":11,"column":50}},"15":{"start":{"line":11,"column":51},"end":{"line":11,"column":111}},"16":{"start":{"line":12,"column":25},"end":{"line":12,"column":55}},"17":{"start":{"line":12,"column":56},"end":{"line":12,"column":104}},"18":{"start":{"line":14,"column":25},"end":{"line":14,"column":36}},"19":{"start":{"line":14,"column":37},"end":{"line":14,"column":85}},"20":{"start":{"line":15,"column":23},"end":{"line":15,"column":24}},"21":{"start":{"line":15,"column":25},"end":{"line":15,"column":69}},"22":{"start":{"line":16,"column":28},"end":{"line":16,"column":38}},"23":{"start":{"line":16,"column":39},"end":{"line":16,"column":93}},"24":{"start":{"line":17,"column":28},"end":{"line":17,"column":38}},"25":{"start":{"line":17,"column":39},"end":{"line":17,"column":93}},"26":{"start":{"line":18,"column":29},"end":{"line":18,"column":40}},"27":{"start":{"line":18,"column":41},"end":{"line":18,"column":97}},"28":{"start":{"line":21,"column":23},"end":{"line":21,"column":34}},"29":{"start":{"line":21,"column":35},"end":{"line":21,"column":79}},"30":{"start":{"line":22,"column":28},"end":{"line":22,"column":116}},"31":{"start":{"line":22,"column":117},"end":{"line":22,"column":171}},"32":{"start":{"line":25,"column":20},"end":{"line":25,"column":23}},"33":{"start":{"line":25,"column":24},"end":{"line":25,"column":62}},"34":{"start":{"line":26,"column":25},"end":{"line":26,"column":41}},"35":{"start":{"line":26,"column":42},"end":{"line":26,"column":90}},"36":{"start":{"line":27,"column":20},"end":{"line":27,"column":31}},"37":{"start":{"line":27,"column":32},"end":{"line":27,"column":70}},"38":{"start":{"line":28,"column":22},"end":{"line":28,"column":35}},"39":{"start":{"line":28,"column":36},"end":{"line":28,"column":78}},"40":{"start":{"line":29,"column":32},"end":{"line":29,"column":54}},"41":{"start":{"line":29,"column":55},"end":{"line":29,"column":117}},"42":{"start":{"line":32,"column":35},"end":{"line":32,"column":61}},"43":{"start":{"line":32,"column":62},"end":{"line":32,"column":130}},"44":{"start":{"line":33,"column":39},"end":{"line":33,"column":69}},"45":{"start":{"line":33,"column":70},"end":{"line":33,"column":146}}},"fnMap":{},"branchMap":{},"s":{"0":3,"1":3,"2":3,"3":3,"4":3,"5":3,"6":3,"7":3,"8":3,"9":3,"10":3,"11":3,"12":3,"13":3,"14":3,"15":3,"16":3,"17":3,"18":3,"19":3,"20":3,"21":3,"22":3,"23":3,"24":3,"25":3,"26":3,"27":3,"28":3,"29":3,"30":3,"31":3,"32":3,"33":3,"34":3,"35":3,"36":3,"37":3,"38":3,"39":3,"40":3,"41":3,"42":3,"43":3,"44":3,"45":3},"f":{},"b":{},"_coverageSchema":"332fd63041d2c1bcb487cc26dd0d5f7d97098a6c","hash":"85f6e6546764b3545bb790ead48c1546617cd618"}
,"C:\\Projects\\OrdersTakerMobile\\app\\actions\\ActionTypes.js": {"path":"C:\\Projects\\OrdersTakerMobile\\app\\actions\\ActionTypes.js","statementMap":{"0":{"start":{"line":1,"column":13},"end":{"line":1,"column":75}},"1":{"start":{"line":1,"column":75},"end":{"line":1,"column":556}},"2":{"start":{"line":1,"column":594},"end":{"line":1,"column":627}},"3":{"start":{"line":1,"column":628},"end":{"line":1,"column":702}},"4":{"start":{"line":2,"column":29},"end":{"line":2,"column":50}},"5":{"start":{"line":2,"column":51},"end":{"line":2,"column":107}},"6":{"start":{"line":3,"column":34},"end":{"line":3,"column":59}},"7":{"start":{"line":3,"column":60},"end":{"line":3,"column":126}},"8":{"start":{"line":4,"column":26},"end":{"line":4,"column":45}},"9":{"start":{"line":4,"column":46},"end":{"line":4,"column":96}},"10":{"start":{"line":5,"column":25},"end":{"line":5,"column":43}},"11":{"start":{"line":5,"column":44},"end":{"line":5,"column":92}},"12":{"start":{"line":6,"column":35},"end":{"line":6,"column":61}},"13":{"start":{"line":6,"column":62},"end":{"line":6,"column":130}},"14":{"start":{"line":7,"column":23},"end":{"line":7,"column":39}},"15":{"start":{"line":7,"column":40},"end":{"line":7,"column":84}},"16":{"start":{"line":8,"column":26},"end":{"line":8,"column":45}},"17":{"start":{"line":8,"column":46},"end":{"line":8,"column":96}},"18":{"start":{"line":9,"column":31},"end":{"line":9,"column":54}},"19":{"start":{"line":9,"column":55},"end":{"line":9,"column":115}},"20":{"start":{"line":10,"column":25},"end":{"line":10,"column":43}},"21":{"start":{"line":10,"column":44},"end":{"line":10,"column":92}},"22":{"start":{"line":11,"column":27},"end":{"line":11,"column":46}},"23":{"start":{"line":11,"column":47},"end":{"line":11,"column":99}},"24":{"start":{"line":12,"column":30},"end":{"line":12,"column":52}},"25":{"start":{"line":12,"column":53},"end":{"line":12,"column":111}},"26":{"start":{"line":13,"column":36},"end":{"line":13,"column":64}},"27":{"start":{"line":13,"column":65},"end":{"line":13,"column":135}},"28":{"start":{"line":14,"column":33},"end":{"line":14,"column":58}},"29":{"start":{"line":14,"column":59},"end":{"line":14,"column":123}}},"fnMap":{},"branchMap":{},"s":{"0":3,"1":3,"2":3,"3":3,"4":3,"5":3,"6":3,"7":3,"8":3,"9":3,"10":3,"11":3,"12":3,"13":3,"14":3,"15":3,"16":3,"17":3,"18":3,"19":3,"20":3,"21":3,"22":3,"23":3,"24":3,"25":3,"26":3,"27":3,"28":3,"29":3},"f":{},"b":{},"_coverageSchema":"332fd63041d2c1bcb487cc26dd0d5f7d97098a6c","hash":"c78734dc5decb2984cb87a5f5d38af94a26452e7"}
,"C:\\Projects\\OrdersTakerMobile\\app\\actions\\ApiUrls.js": {"path":"C:\\Projects\\OrdersTakerMobile\\app\\actions\\ApiUrls.js","statementMap":{"0":{"start":{"line":1,"column":13},"end":{"line":1,"column":75}},"1":{"start":{"line":1,"column":75},"end":{"line":1,"column":668}},"2":{"start":{"line":1,"column":682},"end":{"line":1,"column":702}},"3":{"start":{"line":4,"column":19},"end":{"line":4,"column":47}},"4":{"start":{"line":4,"column":48},"end":{"line":4,"column":84}},"5":{"start":{"line":5,"column":25},"end":{"line":5,"column":61}},"6":{"start":{"line":5,"column":62},"end":{"line":5,"column":110}},"7":{"start":{"line":6,"column":23},"end":{"line":6,"column":57}},"8":{"start":{"line":6,"column":58},"end":{"line":6,"column":102}},"9":{"start":{"line":7,"column":28},"end":{"line":7,"column":62}},"10":{"start":{"line":7,"column":63},"end":{"line":7,"column":117}},"11":{"start":{"line":8,"column":34},"end":{"line":8,"column":78}},"12":{"start":{"line":8,"column":79},"end":{"line":8,"column":145}},"13":{"start":{"line":9,"column":35},"end":{"line":9,"column":80}},"14":{"start":{"line":9,"column":81},"end":{"line":9,"column":149}},"15":{"start":{"line":11,"column":34},"end":{"line":11,"column":73}},"16":{"start":{"line":11,"column":74},"end":{"line":11,"column":140}},"17":{"start":{"line":12,"column":25},"end":{"line":12,"column":55}},"18":{"start":{"line":12,"column":56},"end":{"line":12,"column":104}},"19":{"start":{"line":13,"column":24},"end":{"line":13,"column":59}},"20":{"start":{"line":13,"column":60},"end":{"line":13,"column":106}},"21":{"start":{"line":14,"column":30},"end":{"line":14,"column":70}},"22":{"start":{"line":14,"column":71},"end":{"line":14,"column":129}},"23":{"start":{"line":15,"column":28},"end":{"line":15,"column":60}},"24":{"start":{"line":15,"column":61},"end":{"line":15,"column":115}},"25":{"start":{"line":16,"column":28},"end":{"line":16,"column":61}},"26":{"start":{"line":16,"column":62},"end":{"line":16,"column":116}},"27":{"start":{"line":17,"column":29},"end":{"line":17,"column":63}},"28":{"start":{"line":17,"column":64},"end":{"line":17,"column":120}},"29":{"start":{"line":18,"column":23},"end":{"line":18,"column":52}},"30":{"start":{"line":18,"column":53},"end":{"line":18,"column":97}},"31":{"start":{"line":19,"column":31},"end":{"line":19,"column":67}},"32":{"start":{"line":19,"column":68},"end":{"line":19,"column":128}},"33":{"start":{"line":20,"column":32},"end":{"line":20,"column":68}},"34":{"start":{"line":20,"column":69},"end":{"line":20,"column":131}},"35":{"start":{"line":21,"column":34},"end":{"line":21,"column":73}},"36":{"start":{"line":21,"column":74},"end":{"line":21,"column":140}},"37":{"start":{"line":22,"column":32},"end":{"line":22,"column":69}},"38":{"start":{"line":22,"column":70},"end":{"line":22,"column":132}}},"fnMap":{},"branchMap":{},"s":{"0":3,"1":3,"2":3,"3":3,"4":3,"5":3,"6":3,"7":3,"8":3,"9":3,"10":3,"11":3,"12":3,"13":3,"14":3,"15":3,"16":3,"17":3,"18":3,"19":3,"20":3,"21":3,"22":3,"23":3,"24":3,"25":3,"26":3,"27":3,"28":3,"29":3,"30":3,"31":3,"32":3,"33":3,"34":3,"35":3,"36":3,"37":3,"38":3},"f":{},"b":{},"_coverageSchema":"332fd63041d2c1bcb487cc26dd0d5f7d97098a6c","hash":"8e76c11ef4a1cdb16a7c0b36437703c4fe7018cc"}
,"C:\\Projects\\OrdersTakerMobile\\app\\actions\\BasicInformationActions.js": {"path":"C:\\Projects\\OrdersTakerMobile\\app\\actions\\BasicInformationActions.js","statementMap":{"0":{"start":{"line":1,"column":13},"end":{"line":1,"column":75}},"1":{"start":{"line":1,"column":75},"end":{"line":1,"column":132}},"2":{"start":{"line":1,"column":145},"end":{"line":1,"column":197}},"3":{"start":{"line":3,"column":19},"end":{"line":3,"column":43}},"4":{"start":{"line":4,"column":15},"end":{"line":4,"column":35}},"5":{"start":{"line":6,"column":30},"end":{"line":8,"column":42}},"6":{"start":{"line":6,"column":82},"end":{"line":8,"column":41}},"7":{"start":{"line":11,"column":28},"end":{"line":13,"column":58}},"8":{"start":{"line":11,"column":62},"end":{"line":13,"column":57}},"9":{"start":{"line":11,"column":90},"end":{"line":13,"column":55}},"10":{"start":{"line":12,"column":37},"end":{"line":12,"column":46}},"11":{"start":{"line":12,"column":47},"end":{"line":12,"column":94}},"12":{"start":{"line":13,"column":26},"end":{"line":13,"column":52}},"13":{"start":{"line":13,"column":59},"end":{"line":13,"column":113}},"14":{"start":{"line":15,"column":0},"end":{"line":15,"column":21}},"15":{"start":{"line":15,"column":22},"end":{"line":15,"column":49}}},"fnMap":{"0":{"name":"fetchInformationSccuess","decl":{"start":{"line":6,"column":39},"end":{"line":6,"column":62}},"loc":{"start":{"line":6,"column":81},"end":{"line":8,"column":42}},"line":6},"1":{"name":"fetchBasicInformation","decl":{"start":{"line":11,"column":37},"end":{"line":11,"column":58}},"loc":{"start":{"line":11,"column":61},"end":{"line":13,"column":58}},"line":11},"2":{"name":"(anonymous_2)","decl":{"start":{"line":11,"column":69},"end":{"line":11,"column":70}},"loc":{"start":{"line":11,"column":89},"end":{"line":13,"column":56}},"line":11},"3":{"name":"(anonymous_3)","decl":{"start":{"line":12,"column":9},"end":{"line":12,"column":10}},"loc":{"start":{"line":12,"column":25},"end":{"line":12,"column":95}},"line":12},"4":{"name":"(anonymous_4)","decl":{"start":{"line":13,"column":10},"end":{"line":13,"column":11}},"loc":{"start":{"line":13,"column":25},"end":{"line":13,"column":53}},"line":13}},"branchMap":{},"s":{"0":1,"1":1,"2":1,"3":1,"4":1,"5":1,"6":1,"7":1,"8":2,"9":2,"10":1,"11":1,"12":1,"13":1,"14":1,"15":1},"f":{"0":1,"1":2,"2":2,"3":1,"4":1},"b":{},"_coverageSchema":"332fd63041d2c1bcb487cc26dd0d5f7d97098a6c","hash":"15889d8f0f25e5fed6a1a1cdd7720f9bf1855010"}
,"C:\\Projects\\OrdersTakerMobile\\app\\actions\\UserActions.js": {"path":"C:\\Projects\\OrdersTakerMobile\\app\\actions\\UserActions.js","statementMap":{"0":{"start":{"line":1,"column":13},"end":{"line":1,"column":75}},"1":{"start":{"line":1,"column":75},"end":{"line":1,"column":231}},"2":{"start":{"line":1,"column":244},"end":{"line":1,"column":296}},"3":{"start":{"line":3,"column":19},"end":{"line":3,"column":43}},"4":{"start":{"line":4,"column":15},"end":{"line":4,"column":35}},"5":{"start":{"line":7,"column":14},"end":{"line":7,"column":34}},"6":{"start":{"line":10,"column":24},"end":{"line":12,"column":16}},"7":{"start":{"line":10,"column":54},"end":{"line":12,"column":15}},"8":{"start":{"line":15,"column":23},"end":{"line":17,"column":18}},"9":{"start":{"line":15,"column":56},"end":{"line":17,"column":17}},"10":{"start":{"line":20,"column":31},"end":{"line":22,"column":18}},"11":{"start":{"line":20,"column":72},"end":{"line":22,"column":17}},"12":{"start":{"line":25,"column":16},"end":{"line":25,"column":67}},"13":{"start":{"line":25,"column":38},"end":{"line":25,"column":66}},"14":{"start":{"line":25,"column":68},"end":{"line":25,"column":98}},"15":{"start":{"line":27,"column":13},"end":{"line":27,"column":100}},"16":{"start":{"line":27,"column":32},"end":{"line":27,"column":99}},"17":{"start":{"line":27,"column":60},"end":{"line":27,"column":97}},"18":{"start":{"line":27,"column":101},"end":{"line":27,"column":125}},"19":{"start":{"line":29,"column":19},"end":{"line":34,"column":58}},"20":{"start":{"line":29,"column":48},"end":{"line":34,"column":57}},"21":{"start":{"line":29,"column":76},"end":{"line":34,"column":55}},"22":{"start":{"line":30,"column":37},"end":{"line":30,"column":46}},"23":{"start":{"line":32,"column":6},"end":{"line":32,"column":39}},"24":{"start":{"line":34,"column":26},"end":{"line":34,"column":52}},"25":{"start":{"line":34,"column":59},"end":{"line":34,"column":95}},"26":{"start":{"line":36,"column":24},"end":{"line":39,"column":61}},"27":{"start":{"line":36,"column":74},"end":{"line":36,"column":88}},"28":{"start":{"line":36,"column":100},"end":{"line":36,"column":114}},"29":{"start":{"line":36,"column":115},"end":{"line":39,"column":60}},"30":{"start":{"line":36,"column":143},"end":{"line":39,"column":58}},"31":{"start":{"line":36,"column":293},"end":{"line":36,"column":303}},"32":{"start":{"line":38,"column":6},"end":{"line":38,"column":39}},"33":{"start":{"line":39,"column":29},"end":{"line":39,"column":55}},"34":{"start":{"line":39,"column":62},"end":{"line":39,"column":108}},"35":{"start":{"line":41,"column":29},"end":{"line":42,"column":128}},"36":{"start":{"line":41,"column":72},"end":{"line":42,"column":127}},"37":{"start":{"line":41,"column":119},"end":{"line":42,"column":124}},"38":{"start":{"line":42,"column":38},"end":{"line":42,"column":48}},"39":{"start":{"line":42,"column":49},"end":{"line":42,"column":70}},"40":{"start":{"line":42,"column":95},"end":{"line":42,"column":121}},"41":{"start":{"line":42,"column":129},"end":{"line":42,"column":185}},"42":{"start":{"line":44,"column":24},"end":{"line":45,"column":154}},"43":{"start":{"line":44,"column":64},"end":{"line":45,"column":153}},"44":{"start":{"line":44,"column":92},"end":{"line":45,"column":151}},"45":{"start":{"line":45,"column":38},"end":{"line":45,"column":48}},"46":{"start":{"line":45,"column":49},"end":{"line":45,"column":97}},"47":{"start":{"line":45,"column":122},"end":{"line":45,"column":148}},"48":{"start":{"line":45,"column":155},"end":{"line":45,"column":201}}},"fnMap":{"0":{"name":"userLogoutSuccess","decl":{"start":{"line":10,"column":33},"end":{"line":10,"column":50}},"loc":{"start":{"line":10,"column":53},"end":{"line":12,"column":16}},"line":10},"1":{"name":"userLoginSuccess","decl":{"start":{"line":15,"column":32},"end":{"line":15,"column":48}},"loc":{"start":{"line":15,"column":55},"end":{"line":17,"column":18}},"line":15},"2":{"name":"parserUserFromJwtSuccess","decl":{"start":{"line":20,"column":40},"end":{"line":20,"column":64}},"loc":{"start":{"line":20,"column":71},"end":{"line":22,"column":18}},"line":20},"3":{"name":"emptyUser","decl":{"start":{"line":25,"column":25},"end":{"line":25,"column":34}},"loc":{"start":{"line":25,"column":37},"end":{"line":25,"column":67}},"line":25},"4":{"name":"logout","decl":{"start":{"line":27,"column":22},"end":{"line":27,"column":28}},"loc":{"start":{"line":27,"column":31},"end":{"line":27,"column":100}},"line":27},"5":{"name":"(anonymous_5)","decl":{"start":{"line":27,"column":39},"end":{"line":27,"column":40}},"loc":{"start":{"line":27,"column":59},"end":{"line":27,"column":98}},"line":27},"6":{"name":"registerUser","decl":{"start":{"line":29,"column":28},"end":{"line":29,"column":40}},"loc":{"start":{"line":29,"column":47},"end":{"line":34,"column":58}},"line":29},"7":{"name":"(anonymous_7)","decl":{"start":{"line":29,"column":55},"end":{"line":29,"column":56}},"loc":{"start":{"line":29,"column":75},"end":{"line":34,"column":56}},"line":29},"8":{"name":"(anonymous_8)","decl":{"start":{"line":30,"column":9},"end":{"line":30,"column":10}},"loc":{"start":{"line":30,"column":25},"end":{"line":33,"column":5}},"line":30},"9":{"name":"(anonymous_9)","decl":{"start":{"line":34,"column":10},"end":{"line":34,"column":11}},"loc":{"start":{"line":34,"column":25},"end":{"line":34,"column":53}},"line":34},"10":{"name":"loginWithPassword","decl":{"start":{"line":36,"column":33},"end":{"line":36,"column":50}},"loc":{"start":{"line":36,"column":58},"end":{"line":39,"column":61}},"line":36},"11":{"name":"(anonymous_11)","decl":{"start":{"line":36,"column":122},"end":{"line":36,"column":123}},"loc":{"start":{"line":36,"column":142},"end":{"line":39,"column":59}},"line":36},"12":{"name":"(anonymous_12)","decl":{"start":{"line":36,"column":264},"end":{"line":36,"column":265}},"loc":{"start":{"line":36,"column":281},"end":{"line":39,"column":5}},"line":36},"13":{"name":"(anonymous_13)","decl":{"start":{"line":39,"column":13},"end":{"line":39,"column":14}},"loc":{"start":{"line":39,"column":28},"end":{"line":39,"column":56}},"line":39},"14":{"name":"checkUsernameAvailable","decl":{"start":{"line":41,"column":38},"end":{"line":41,"column":60}},"loc":{"start":{"line":41,"column":71},"end":{"line":42,"column":128}},"line":41},"15":{"name":"(anonymous_15)","decl":{"start":{"line":41,"column":91},"end":{"line":41,"column":92}},"loc":{"start":{"line":41,"column":118},"end":{"line":42,"column":125}},"line":41},"16":{"name":"(anonymous_16)","decl":{"start":{"line":42,"column":9},"end":{"line":42,"column":10}},"loc":{"start":{"line":42,"column":26},"end":{"line":42,"column":71}},"line":42},"17":{"name":"(anonymous_17)","decl":{"start":{"line":42,"column":79},"end":{"line":42,"column":80}},"loc":{"start":{"line":42,"column":94},"end":{"line":42,"column":122}},"line":42},"18":{"name":"parserUserFromJwt","decl":{"start":{"line":44,"column":33},"end":{"line":44,"column":50}},"loc":{"start":{"line":44,"column":63},"end":{"line":45,"column":154}},"line":44},"19":{"name":"(anonymous_19)","decl":{"start":{"line":44,"column":71},"end":{"line":44,"column":72}},"loc":{"start":{"line":44,"column":91},"end":{"line":45,"column":152}},"line":44},"20":{"name":"(anonymous_20)","decl":{"start":{"line":45,"column":9},"end":{"line":45,"column":10}},"loc":{"start":{"line":45,"column":26},"end":{"line":45,"column":98}},"line":45},"21":{"name":"(anonymous_21)","decl":{"start":{"line":45,"column":106},"end":{"line":45,"column":107}},"loc":{"start":{"line":45,"column":121},"end":{"line":45,"column":149}},"line":45}},"branchMap":{},"s":{"0":2,"1":2,"2":2,"3":2,"4":2,"5":2,"6":2,"7":1,"8":2,"9":4,"10":2,"11":1,"12":2,"13":1,"14":2,"15":2,"16":1,"17":1,"18":2,"19":2,"20":2,"21":2,"22":1,"23":1,"24":1,"25":2,"26":2,"27":3,"28":3,"29":3,"30":3,"31":2,"32":2,"33":1,"34":2,"35":2,"36":2,"37":2,"38":0,"39":0,"40":2,"41":2,"42":2,"43":2,"44":2,"45":1,"46":1,"47":1,"48":2},"f":{"0":1,"1":4,"2":1,"3":1,"4":1,"5":1,"6":2,"7":2,"8":1,"9":1,"10":3,"11":3,"12":2,"13":1,"14":2,"15":2,"16":0,"17":2,"18":2,"19":2,"20":1,"21":1},"b":{},"_coverageSchema":"332fd63041d2c1bcb487cc26dd0d5f7d97098a6c","hash":"7c7214e8bc3919679a932cf00824caa2c6a13c42"}
,"C:\\Projects\\OrdersTakerMobile\\app\\components\\DarkerStatusBar\\DarkerStatusBar.js": {"path":"C:\\Projects\\OrdersTakerMobile\\app\\components\\DarkerStatusBar\\DarkerStatusBar.js","statementMap":{"0":{"start":{"line":1,"column":13},"end":{"line":1,"column":75}},"1":{"start":{"line":1,"column":75},"end":{"line":1,"column":126}},"2":{"start":{"line":1,"column":139},"end":{"line":1,"column":191}},"3":{"start":{"line":2,"column":19},"end":{"line":2,"column":42}},"4":{"start":{"line":4,"column":13},"end":{"line":4,"column":71}},"5":{"start":{"line":4,"column":91},"end":{"line":4,"column":178}},"6":{"start":{"line":6,"column":22},"end":{"line":9,"column":109}},"7":{"start":{"line":6,"column":50},"end":{"line":9,"column":108}},"8":{"start":{"line":9,"column":110},"end":{"line":9,"column":152}},"9":{"start":{"line":11,"column":0},"end":{"line":11,"column":15}},"10":{"start":{"line":11,"column":16},"end":{"line":11,"column":43}}},"fnMap":{"0":{"name":"DarkerStatusBar","decl":{"start":{"line":6,"column":31},"end":{"line":6,"column":46}},"loc":{"start":{"line":6,"column":49},"end":{"line":9,"column":109}},"line":6}},"branchMap":{},"s":{"0":1,"1":1,"2":1,"3":1,"4":1,"5":1,"6":1,"7":1,"8":1,"9":1,"10":1},"f":{"0":1},"b":{},"_coverageSchema":"332fd63041d2c1bcb487cc26dd0d5f7d97098a6c","hash":"3565ea896be9232ec52d937f102f70ec069e38fb"}
,"C:\\Projects\\OrdersTakerMobile\\app\\components\\LoginForm\\LoginForm.js": {"path":"C:\\Projects\\OrdersTakerMobile\\app\\components\\LoginForm\\LoginForm.js","statementMap":{"0":{"start":{"line":1,"column":13},"end":{"line":1,"column":75}},"1":{"start":{"line":1,"column":75},"end":{"line":1,"column":120}},"2":{"start":{"line":1,"column":133},"end":{"line":1,"column":186}},"3":{"start":{"line":2,"column":19},"end":{"line":2,"column":42}},"4":{"start":{"line":3,"column":18},"end":{"line":3,"column":40}},"5":{"start":{"line":4,"column":27},"end":{"line":4,"column":59}},"6":{"start":{"line":6,"column":19},"end":{"line":6,"column":55}},"7":{"start":{"line":8,"column":14},"end":{"line":8,"column":69}},"8":{"start":{"line":8,"column":89},"end":{"line":8,"column":164}},"9":{"start":{"line":26,"column":25},"end":{"line":26,"column":53}},"10":{"start":{"line":27,"column":18},"end":{"line":27,"column":27}},"11":{"start":{"line":32,"column":12},"end":{"line":150,"column":394}},"12":{"start":{"line":32,"column":35},"end":{"line":32,"column":80}},"13":{"start":{"line":32,"column":138},"end":{"line":32,"column":183}},"14":{"start":{"line":32,"column":183},"end":{"line":32,"column":303}},"15":{"start":{"line":32,"column":273},"end":{"line":32,"column":302}},"16":{"start":{"line":32,"column":303},"end":{"line":32,"column":477}},"17":{"start":{"line":32,"column":477},"end":{"line":38,"column":27}},"18":{"start":{"line":38,"column":27},"end":{"line":66,"column":49}},"19":{"start":{"line":62,"column":36},"end":{"line":66,"column":47}},"20":{"start":{"line":64,"column":19},"end":{"line":66,"column":44}},"21":{"start":{"line":66,"column":49},"end":{"line":77,"column":69}},"22":{"start":{"line":75,"column":48},"end":{"line":77,"column":67}},"23":{"start":{"line":75,"column":102},"end":{"line":75,"column":115}},"24":{"start":{"line":75,"column":116},"end":{"line":77,"column":64}},"25":{"start":{"line":77,"column":69},"end":{"line":87,"column":69}},"26":{"start":{"line":85,"column":48},"end":{"line":87,"column":67}},"27":{"start":{"line":85,"column":103},"end":{"line":85,"column":117}},"28":{"start":{"line":85,"column":118},"end":{"line":87,"column":64}},"29":{"start":{"line":87,"column":69},"end":{"line":87,"column":82}},"30":{"start":{"line":87,"column":83},"end":{"line":150,"column":358}},"31":{"start":{"line":97,"column":6},"end":{"line":97,"column":16}},"32":{"start":{"line":97,"column":28},"end":{"line":97,"column":48}},"33":{"start":{"line":97,"column":60},"end":{"line":97,"column":80}},"34":{"start":{"line":97,"column":91},"end":{"line":97,"column":110}},"35":{"start":{"line":97,"column":125},"end":{"line":97,"column":148}},"36":{"start":{"line":99,"column":6},"end":{"line":144,"column":109}},"37":{"start":{"line":150,"column":110},"end":{"line":150,"column":340}},"38":{"start":{"line":150,"column":163},"end":{"line":150,"column":287}},"39":{"start":{"line":150,"column":287},"end":{"line":150,"column":309}},"40":{"start":{"line":150,"column":309},"end":{"line":150,"column":339}},"41":{"start":{"line":150,"column":340},"end":{"line":150,"column":352}},"42":{"start":{"line":150,"column":358},"end":{"line":150,"column":375}},"43":{"start":{"line":150,"column":395},"end":{"line":150,"column":425}},"44":{"start":{"line":153,"column":22},"end":{"line":153,"column":84}},"45":{"start":{"line":153,"column":55},"end":{"line":153,"column":83}},"46":{"start":{"line":156,"column":26},"end":{"line":158,"column":89}},"47":{"start":{"line":156,"column":66},"end":{"line":158,"column":88}},"48":{"start":{"line":157,"column":59},"end":{"line":157,"column":120}},"49":{"start":{"line":158,"column":37},"end":{"line":158,"column":84}},"50":{"start":{"line":160,"column":0},"end":{"line":160,"column":73}},"51":{"start":{"line":160,"column":74},"end":{"line":160,"column":101}}},"fnMap":{"0":{"name":"(anonymous_0)","decl":{"start":{"line":32,"column":12},"end":{"line":32,"column":13}},"loc":{"start":{"line":32,"column":34},"end":{"line":150,"column":376}},"line":32},"1":{"name":"LoginForm","decl":{"start":{"line":32,"column":89},"end":{"line":32,"column":98}},"loc":{"start":{"line":32,"column":101},"end":{"line":87,"column":83}},"line":32},"2":{"name":"(anonymous_2)","decl":{"start":{"line":62,"column":23},"end":{"line":62,"column":24}},"loc":{"start":{"line":62,"column":35},"end":{"line":66,"column":48}},"line":62},"3":{"name":"(anonymous_3)","decl":{"start":{"line":64,"column":6},"end":{"line":64,"column":7}},"loc":{"start":{"line":64,"column":18},"end":{"line":66,"column":45}},"line":64},"4":{"name":"(anonymous_4)","decl":{"start":{"line":75,"column":31},"end":{"line":75,"column":32}},"loc":{"start":{"line":75,"column":47},"end":{"line":77,"column":68}},"line":75},"5":{"name":"(anonymous_5)","decl":{"start":{"line":75,"column":70},"end":{"line":75,"column":71}},"loc":{"start":{"line":75,"column":86},"end":{"line":77,"column":65}},"line":75},"6":{"name":"(anonymous_6)","decl":{"start":{"line":85,"column":31},"end":{"line":85,"column":32}},"loc":{"start":{"line":85,"column":47},"end":{"line":87,"column":68}},"line":85},"7":{"name":"(anonymous_7)","decl":{"start":{"line":85,"column":70},"end":{"line":85,"column":71}},"loc":{"start":{"line":85,"column":87},"end":{"line":87,"column":65}},"line":85},"8":{"name":"render","decl":{"start":{"line":87,"column":153},"end":{"line":87,"column":159}},"loc":{"start":{"line":94,"column":4},"end":{"line":150,"column":5}},"line":94},"9":{"name":"getDerivedStateFromProps","decl":{"start":{"line":150,"column":62},"end":{"line":150,"column":86}},"loc":{"start":{"line":150,"column":109},"end":{"line":150,"column":353}},"line":150},"10":{"name":"mapStateToProps","decl":{"start":{"line":153,"column":31},"end":{"line":153,"column":46}},"loc":{"start":{"line":153,"column":54},"end":{"line":153,"column":84}},"line":153},"11":{"name":"mapDispatchToProprs","decl":{"start":{"line":156,"column":35},"end":{"line":156,"column":54}},"loc":{"start":{"line":156,"column":65},"end":{"line":158,"column":89}},"line":156},"12":{"name":"loginWithPassword","decl":{"start":{"line":157,"column":32},"end":{"line":157,"column":49}},"loc":{"start":{"line":157,"column":58},"end":{"line":157,"column":121}},"line":157},"13":{"name":"emptyUser","decl":{"start":{"line":158,"column":24},"end":{"line":158,"column":33}},"loc":{"start":{"line":158,"column":36},"end":{"line":158,"column":85}},"line":158}},"branchMap":{"0":{"loc":{"start":{"line":77,"column":19},"end":{"line":77,"column":61}},"type":"binary-expr","locations":[{"start":{"line":77,"column":19},"end":{"line":77,"column":36}},{"start":{"line":77,"column":40},"end":{"line":77,"column":61}}],"line":77},"1":{"loc":{"start":{"line":87,"column":19},"end":{"line":87,"column":61}},"type":"binary-expr","locations":[{"start":{"line":87,"column":19},"end":{"line":87,"column":36}},{"start":{"line":87,"column":40},"end":{"line":87,"column":61}}],"line":87},"2":{"loc":{"start":{"line":141,"column":20},"end":{"line":141,"column":43}},"type":"binary-expr","locations":[{"start":{"line":141,"column":20},"end":{"line":141,"column":31}},{"start":{"line":141,"column":35},"end":{"line":141,"column":43}}],"line":141},"3":{"loc":{"start":{"line":150,"column":110},"end":{"line":150,"column":340}},"type":"if","locations":[{"start":{"line":150,"column":110},"end":{"line":150,"column":340}},{"start":{"line":150,"column":110},"end":{"line":150,"column":340}}],"line":150},"4":{"loc":{"start":{"line":150,"column":114},"end":{"line":150,"column":160}},"type":"binary-expr","locations":[{"start":{"line":150,"column":114},"end":{"line":150,"column":135}},{"start":{"line":150,"column":139},"end":{"line":150,"column":160}}],"line":150}},"s":{"0":1,"1":1,"2":1,"3":1,"4":1,"5":1,"6":1,"7":1,"8":1,"9":1,"10":1,"11":1,"12":1,"13":9,"14":9,"15":26,"16":9,"17":9,"18":9,"19":1,"20":1,"21":9,"22":3,"23":3,"24":3,"25":9,"26":3,"27":3,"28":3,"29":9,"30":1,"31":21,"32":21,"33":21,"34":21,"35":21,"36":21,"37":24,"38":1,"39":1,"40":1,"41":23,"42":1,"43":1,"44":1,"45":0,"46":1,"47":0,"48":0,"49":0,"50":1,"51":1},"f":{"0":1,"1":9,"2":1,"3":1,"4":3,"5":3,"6":3,"7":3,"8":21,"9":24,"10":0,"11":0,"12":0,"13":0},"b":{"0":[3,2],"1":[3,2],"2":[21,20],"3":[1,23],"4":[24,3]},"_coverageSchema":"332fd63041d2c1bcb487cc26dd0d5f7d97098a6c","hash":"11f4c7433826e0d86f9e75d0e7292741c0125dec"}
,"C:\\Projects\\OrdersTakerMobile\\app\\components\\LoginForm\\Styles.js": {"path":"C:\\Projects\\OrdersTakerMobile\\app\\components\\LoginForm\\Styles.js","statementMap":{"0":{"start":{"line":1,"column":13},"end":{"line":1,"column":75}},"1":{"start":{"line":1,"column":75},"end":{"line":1,"column":100}},"2":{"start":{"line":1,"column":119},"end":{"line":1,"column":142}},"3":{"start":{"line":3,"column":13},"end":{"line":3,"column":71}},"4":{"start":{"line":5,"column":0},"end":{"line":17,"column":25}},"5":{"start":{"line":17,"column":26},"end":{"line":17,"column":53}}},"fnMap":{},"branchMap":{},"s":{"0":1,"1":1,"2":1,"3":1,"4":1,"5":1},"f":{},"b":{},"_coverageSchema":"332fd63041d2c1bcb487cc26dd0d5f7d97098a6c","hash":"5526f2b21ee9c22fa45a1441cabfe5afdb42dd3b"}
,"C:\\Projects\\OrdersTakerMobile\\app\\components\\LoginPanel\\LoginPanel.js": {"path":"C:\\Projects\\OrdersTakerMobile\\app\\components\\LoginPanel\\LoginPanel.js","statementMap":{"0":{"start":{"line":1,"column":13},"end":{"line":1,"column":75}},"1":{"start":{"line":1,"column":75},"end":{"line":1,"column":121}},"2":{"start":{"line":1,"column":134},"end":{"line":1,"column":186}},"3":{"start":{"line":2,"column":19},"end":{"line":2,"column":42}},"4":{"start":{"line":3,"column":27},"end":{"line":3,"column":59}},"5":{"start":{"line":5,"column":17},"end":{"line":5,"column":76}},"6":{"start":{"line":6,"column":24},"end":{"line":6,"column":90}},"7":{"start":{"line":7,"column":14},"end":{"line":7,"column":69}},"8":{"start":{"line":7,"column":89},"end":{"line":7,"column":166}},"9":{"start":{"line":11,"column":17},"end":{"line":21,"column":156}},"10":{"start":{"line":11,"column":70},"end":{"line":11,"column":94}},"11":{"start":{"line":11,"column":95},"end":{"line":21,"column":155}},"12":{"start":{"line":21,"column":157},"end":{"line":21,"column":189}},"13":{"start":{"line":24,"column":0},"end":{"line":24,"column":10}},"14":{"start":{"line":24,"column":11},"end":{"line":24,"column":38}}},"fnMap":{"0":{"name":"LoginPanel","decl":{"start":{"line":11,"column":26},"end":{"line":11,"column":36}},"loc":{"start":{"line":11,"column":43},"end":{"line":21,"column":156}},"line":11}},"branchMap":{},"s":{"0":1,"1":1,"2":1,"3":1,"4":1,"5":1,"6":1,"7":1,"8":1,"9":1,"10":1,"11":1,"12":1,"13":1,"14":1},"f":{"0":1},"b":{},"_coverageSchema":"332fd63041d2c1bcb487cc26dd0d5f7d97098a6c","hash":"74f431697aa81bf9dbf9dc157aad5f5aa7891804"}
,"C:\\Projects\\OrdersTakerMobile\\app\\components\\LoginPanel\\Styles.js": {"path":"C:\\Projects\\OrdersTakerMobile\\app\\components\\LoginPanel\\Styles.js","statementMap":{"0":{"start":{"line":1,"column":13},"end":{"line":1,"column":75}},"1":{"start":{"line":1,"column":75},"end":{"line":1,"column":100}},"2":{"start":{"line":1,"column":119},"end":{"line":1,"column":142}},"3":{"start":{"line":3,"column":13},"end":{"line":3,"column":71}},"4":{"start":{"line":5,"column":0},"end":{"line":26,"column":21}},"5":{"start":{"line":26,"column":22},"end":{"line":26,"column":49}}},"fnMap":{},"branchMap":{},"s":{"0":1,"1":1,"2":1,"3":1,"4":1,"5":1},"f":{},"b":{},"_coverageSchema":"332fd63041d2c1bcb487cc26dd0d5f7d97098a6c","hash":"bf64dbb1e3eb549542ff6ab773971e76da08c792"}
,"C:\\Projects\\OrdersTakerMobile\\app\\components\\SocialLoginPanel\\SocialLoginPanel.js": {"path":"C:\\Projects\\OrdersTakerMobile\\app\\components\\SocialLoginPanel\\SocialLoginPanel.js","statementMap":{"0":{"start":{"line":1,"column":13},"end":{"line":1,"column":75}},"1":{"start":{"line":1,"column":75},"end":{"line":1,"column":127}},"2":{"start":{"line":1,"column":140},"end":{"line":1,"column":193}},"3":{"start":{"line":2,"column":19},"end":{"line":2,"column":42}},"4":{"start":{"line":3,"column":27},"end":{"line":3,"column":59}},"5":{"start":{"line":5,"column":14},"end":{"line":5,"column":69}},"6":{"start":{"line":6,"column":13},"end":{"line":6,"column":71}},"7":{"start":{"line":6,"column":91},"end":{"line":6,"column":180}},"8":{"start":{"line":8,"column":23},"end":{"line":35,"column":169}},"9":{"start":{"line":8,"column":52},"end":{"line":35,"column":168}},"10":{"start":{"line":35,"column":170},"end":{"line":35,"column":214}},"11":{"start":{"line":42,"column":0},"end":{"line":42,"column":16}},"12":{"start":{"line":42,"column":17},"end":{"line":42,"column":44}}},"fnMap":{"0":{"name":"SocialLoginPanel","decl":{"start":{"line":8,"column":32},"end":{"line":8,"column":48}},"loc":{"start":{"line":8,"column":51},"end":{"line":35,"column":169}},"line":8}},"branchMap":{},"s":{"0":1,"1":1,"2":1,"3":1,"4":1,"5":1,"6":1,"7":1,"8":1,"9":1,"10":1,"11":1,"12":1},"f":{"0":1},"b":{},"_coverageSchema":"332fd63041d2c1bcb487cc26dd0d5f7d97098a6c","hash":"aeaeabe47d01aa83a820ff345d4f882a92b6ecdc"}
,"C:\\Projects\\OrdersTakerMobile\\app\\components\\SocialLoginPanel\\Styles.js": {"path":"C:\\Projects\\OrdersTakerMobile\\app\\components\\SocialLoginPanel\\Styles.js","statementMap":{"0":{"start":{"line":1,"column":13},"end":{"line":1,"column":75}},"1":{"start":{"line":1,"column":75},"end":{"line":1,"column":100}},"2":{"start":{"line":1,"column":119},"end":{"line":1,"column":142}},"3":{"start":{"line":2,"column":13},"end":{"line":2,"column":71}},"4":{"start":{"line":4,"column":0},"end":{"line":19,"column":35}},"5":{"start":{"line":19,"column":36},"end":{"line":19,"column":63}}},"fnMap":{},"branchMap":{},"s":{"0":1,"1":1,"2":1,"3":1,"4":1,"5":1},"f":{},"b":{},"_coverageSchema":"332fd63041d2c1bcb487cc26dd0d5f7d97098a6c","hash":"821766914fbfe02eac7ddcd428a0942f160b3eff"}
,"C:\\Projects\\OrdersTakerMobile\\app\\screens\\LoginScreen.js": {"path":"C:\\Projects\\OrdersTakerMobile\\app\\screens\\LoginScreen.js","statementMap":{"0":{"start":{"line":1,"column":13},"end":{"line":1,"column":75}},"1":{"start":{"line":1,"column":75},"end":{"line":1,"column":122}},"2":{"start":{"line":1,"column":135},"end":{"line":1,"column":188}},"3":{"start":{"line":2,"column":19},"end":{"line":2,"column":42}},"4":{"start":{"line":3,"column":36},"end":{"line":3,"column":129}},"5":{"start":{"line":5,"column":22},"end":{"line":5,"column":85}},"6":{"start":{"line":6,"column":18},"end":{"line":6,"column":89}},"7":{"start":{"line":7,"column":21},"end":{"line":7,"column":95}},"8":{"start":{"line":8,"column":13},"end":{"line":8,"column":68}},"9":{"start":{"line":8,"column":88},"end":{"line":8,"column":151}},"10":{"start":{"line":22,"column":24},"end":{"line":22,"column":28}},"11":{"start":{"line":23,"column":20},"end":{"line":23,"column":58}},"12":{"start":{"line":24,"column":17},"end":{"line":24,"column":55}},"13":{"start":{"line":29,"column":14},"end":{"line":85,"column":48}},"14":{"start":{"line":29,"column":37},"end":{"line":29,"column":84}},"15":{"start":{"line":29,"column":144},"end":{"line":29,"column":191}},"16":{"start":{"line":29,"column":191},"end":{"line":29,"column":311}},"17":{"start":{"line":29,"column":281},"end":{"line":29,"column":310}},"18":{"start":{"line":29,"column":311},"end":{"line":29,"column":487}},"19":{"start":{"line":29,"column":487},"end":{"line":34,"column":35}},"20":{"start":{"line":34,"column":35},"end":{"line":44,"column":132}},"21":{"start":{"line":42,"column":56},"end":{"line":44,"column":130}},"22":{"start":{"line":44,"column":19},"end":{"line":44,"column":127}},"23":{"start":{"line":44,"column":50},"end":{"line":44,"column":99}},"24":{"start":{"line":44,"column":132},"end":{"line":51,"column":185}},"25":{"start":{"line":51,"column":37},"end":{"line":51,"column":183}},"26":{"start":{"line":51,"column":102},"end":{"line":51,"column":126}},"27":{"start":{"line":51,"column":127},"end":{"line":51,"column":180}},"28":{"start":{"line":51,"column":185},"end":{"line":51,"column":198}},"29":{"start":{"line":51,"column":199},"end":{"line":85,"column":10}},"30":{"start":{"line":60,"column":6},"end":{"line":60,"column":16}},"31":{"start":{"line":60,"column":34},"end":{"line":60,"column":60}},"32":{"start":{"line":60,"column":79},"end":{"line":60,"column":106}},"33":{"start":{"line":60,"column":125},"end":{"line":60,"column":152}},"34":{"start":{"line":60,"column":175},"end":{"line":60,"column":206}},"35":{"start":{"line":61,"column":6},"end":{"line":80,"column":103}},"36":{"start":{"line":85,"column":10},"end":{"line":85,"column":29}},"37":{"start":{"line":85,"column":49},"end":{"line":85,"column":83}},"38":{"start":{"line":88,"column":0},"end":{"line":88,"column":11}},"39":{"start":{"line":88,"column":12},"end":{"line":88,"column":39}}},"fnMap":{"0":{"name":"(anonymous_0)","decl":{"start":{"line":29,"column":14},"end":{"line":29,"column":15}},"loc":{"start":{"line":29,"column":36},"end":{"line":85,"column":30}},"line":29},"1":{"name":"LoginScreen","decl":{"start":{"line":29,"column":93},"end":{"line":29,"column":104}},"loc":{"start":{"line":29,"column":107},"end":{"line":51,"column":199}},"line":29},"2":{"name":"(anonymous_2)","decl":{"start":{"line":42,"column":29},"end":{"line":42,"column":30}},"loc":{"start":{"line":42,"column":55},"end":{"line":44,"column":131}},"line":42},"3":{"name":"(anonymous_3)","decl":{"start":{"line":44,"column":6},"end":{"line":44,"column":7}},"loc":{"start":{"line":44,"column":18},"end":{"line":44,"column":128}},"line":44},"4":{"name":"(anonymous_4)","decl":{"start":{"line":44,"column":37},"end":{"line":44,"column":38}},"loc":{"start":{"line":44,"column":49},"end":{"line":44,"column":100}},"line":44},"5":{"name":"(anonymous_5)","decl":{"start":{"line":51,"column":24},"end":{"line":51,"column":25}},"loc":{"start":{"line":51,"column":36},"end":{"line":51,"column":184}},"line":51},"6":{"name":"(anonymous_6)","decl":{"start":{"line":51,"column":59},"end":{"line":51,"column":60}},"loc":{"start":{"line":51,"column":75},"end":{"line":51,"column":181}},"line":51},"7":{"name":"render","decl":{"start":{"line":51,"column":271},"end":{"line":51,"column":277}},"loc":{"start":{"line":57,"column":4},"end":{"line":85,"column":5}},"line":57}},"branchMap":{"0":{"loc":{"start":{"line":64,"column":8},"end":{"line":64,"column":190}},"type":"binary-expr","locations":[{"start":{"line":64,"column":8},"end":{"line":64,"column":28}},{"start":{"line":64,"column":32},"end":{"line":64,"column":190}}],"line":64},"1":{"loc":{"start":{"line":66,"column":8},"end":{"line":66,"column":192}},"type":"binary-expr","locations":[{"start":{"line":66,"column":8},"end":{"line":66,"column":27}},{"start":{"line":66,"column":31},"end":{"line":66,"column":192}}],"line":66},"2":{"loc":{"start":{"line":73,"column":162},"end":{"line":73,"column":210}},"type":"cond-expr","locations":[{"start":{"line":73,"column":184},"end":{"line":73,"column":194}},{"start":{"line":73,"column":197},"end":{"line":73,"column":210}}],"line":73}},"s":{"0":1,"1":1,"2":1,"3":1,"4":1,"5":1,"6":1,"7":1,"8":1,"9":1,"10":1,"11":1,"12":1,"13":1,"14":1,"15":5,"16":5,"17":14,"18":5,"19":5,"20":5,"21":1,"22":1,"23":1,"24":5,"25":1,"26":1,"27":1,"28":5,"29":1,"30":9,"31":9,"32":9,"33":9,"34":9,"35":9,"36":1,"37":1,"38":1,"39":1},"f":{"0":1,"1":5,"2":1,"3":1,"4":1,"5":1,"6":1,"7":9},"b":{"0":[9,7],"1":[9,2],"2":[2,7]},"_coverageSchema":"332fd63041d2c1bcb487cc26dd0d5f7d97098a6c","hash":"05fc1e0f52f9d859a236d8a931c9f35cf30ca5f5"}
,"C:\\Projects\\OrdersTakerMobile\\app\\screens\\SafeAreaScreen.js": {"path":"C:\\Projects\\OrdersTakerMobile\\app\\screens\\SafeAreaScreen.js","statementMap":{"0":{"start":{"line":1,"column":13},"end":{"line":1,"column":75}},"1":{"start":{"line":1,"column":75},"end":{"line":1,"column":125}},"2":{"start":{"line":1,"column":138},"end":{"line":1,"column":190}},"3":{"start":{"line":2,"column":19},"end":{"line":2,"column":42}},"4":{"start":{"line":4,"column":23},"end":{"line":4,"column":99}},"5":{"start":{"line":5,"column":13},"end":{"line":5,"column":68}},"6":{"start":{"line":5,"column":88},"end":{"line":5,"column":154}},"7":{"start":{"line":7,"column":13},"end":{"line":12,"column":61}},"8":{"start":{"line":25,"column":21},"end":{"line":28,"column":16}},"9":{"start":{"line":25,"column":67},"end":{"line":25,"column":80}},"10":{"start":{"line":25,"column":89},"end":{"line":25,"column":99}},"11":{"start":{"line":25,"column":100},"end":{"line":28,"column":15}},"12":{"start":{"line":28,"column":17},"end":{"line":28,"column":57}},"13":{"start":{"line":31,"column":0},"end":{"line":31,"column":14}},"14":{"start":{"line":31,"column":15},"end":{"line":31,"column":42}}},"fnMap":{"0":{"name":"SafeAreaScreen","decl":{"start":{"line":25,"column":30},"end":{"line":25,"column":44}},"loc":{"start":{"line":25,"column":51},"end":{"line":28,"column":16}},"line":25}},"branchMap":{},"s":{"0":2,"1":2,"2":2,"3":2,"4":2,"5":2,"6":2,"7":2,"8":2,"9":3,"10":3,"11":3,"12":2,"13":2,"14":2},"f":{"0":3},"b":{},"_coverageSchema":"332fd63041d2c1bcb487cc26dd0d5f7d97098a6c","hash":"5a5cf63b8ed0389aa8c172b22373dcbcc4b06330"}
}
