TN:
SF:C:\Projects\OrdersTakerMobile\app\Theme.js
FNF:0
FNH:0
DA:1,7
DA:14,7
LF:2
LH:2
BRF:0
BRH:0
end_of_record
TN:
SF:C:\Projects\OrdersTakerMobile\app\config.js
FNF:0
FNH:0
DA:1,4
DA:2,4
DA:3,4
DA:4,4
DA:7,4
DA:9,4
DA:11,4
DA:12,4
DA:14,4
DA:15,4
DA:16,4
DA:17,4
DA:18,4
DA:21,4
DA:22,4
DA:25,4
DA:26,4
DA:27,4
DA:28,4
DA:29,4
DA:32,4
DA:33,4
LF:22
LH:22
BRF:0
BRH:0
end_of_record
TN:
SF:C:\Projects\OrdersTakerMobile\app\actions\ActionTypes.js
FNF:0
FNH:0
DA:1,4
DA:2,4
DA:3,4
DA:4,4
DA:5,4
DA:6,4
DA:7,4
DA:8,4
DA:9,4
DA:10,4
DA:11,4
DA:12,4
DA:13,4
DA:14,4
LF:14
LH:14
BRF:0
BRH:0
end_of_record
TN:
SF:C:\Projects\OrdersTakerMobile\app\actions\ApiUrls.js
FNF:0
FNH:0
DA:1,4
DA:4,4
DA:5,4
DA:6,4
DA:7,4
DA:8,4
DA:9,4
DA:11,4
DA:12,4
DA:13,4
DA:14,4
DA:15,4
DA:16,4
DA:17,4
DA:18,4
DA:19,4
DA:20,4
DA:21,4
DA:22,4
LF:19
LH:19
BRF:0
BRH:0
end_of_record
TN:
SF:C:\Projects\OrdersTakerMobile\app\actions\BasicInformationActions.js
FN:6,fetchInformationSccuess
FN:11,fetchBasicInformation
FN:11,(anonymous_2)
FN:12,(anonymous_3)
FN:13,(anonymous_4)
FNF:5
FNH:5
FNDA:1,fetchInformationSccuess
FNDA:2,fetchBasicInformation
FNDA:2,(anonymous_2)
FNDA:1,(anonymous_3)
FNDA:1,(anonymous_4)
DA:1,1
DA:3,1
DA:4,1
DA:6,1
DA:11,2
DA:12,1
DA:13,1
DA:15,1
LF:8
LH:8
BRF:0
BRH:0
end_of_record
TN:
SF:C:\Projects\OrdersTakerMobile\app\actions\UserActions.js
FN:10,userLogoutSuccess
FN:15,userLoginSuccess
FN:20,parserUserFromJwtSuccess
FN:25,emptyUser
FN:27,logout
FN:27,(anonymous_5)
FN:29,registerUser
FN:29,(anonymous_7)
FN:30,(anonymous_8)
FN:34,(anonymous_9)
FN:36,loginWithPassword
FN:36,(anonymous_11)
FN:36,(anonymous_12)
FN:39,(anonymous_13)
FN:41,checkUsernameAvailable
FN:41,(anonymous_15)
FN:42,(anonymous_16)
FN:42,(anonymous_17)
FN:44,parserUserFromJwt
FN:44,(anonymous_19)
FN:45,(anonymous_20)
FN:45,(anonymous_21)
FNF:22
FNH:21
FNDA:1,userLogoutSuccess
FNDA:4,userLoginSuccess
FNDA:1,parserUserFromJwtSuccess
FNDA:1,emptyUser
FNDA:1,logout
FNDA:1,(anonymous_5)
FNDA:2,registerUser
FNDA:2,(anonymous_7)
FNDA:1,(anonymous_8)
FNDA:1,(anonymous_9)
FNDA:3,loginWithPassword
FNDA:3,(anonymous_11)
FNDA:2,(anonymous_12)
FNDA:1,(anonymous_13)
FNDA:3,checkUsernameAvailable
FNDA:3,(anonymous_15)
FNDA:0,(anonymous_16)
FNDA:2,(anonymous_17)
FNDA:2,parserUserFromJwt
FNDA:2,(anonymous_19)
FNDA:1,(anonymous_20)
FNDA:1,(anonymous_21)
DA:1,3
DA:3,3
DA:4,3
DA:7,3
DA:10,3
DA:15,4
DA:20,3
DA:25,3
DA:27,3
DA:29,3
DA:30,1
DA:32,1
DA:34,3
DA:36,3
DA:38,2
DA:39,3
DA:41,3
DA:42,3
DA:44,3
DA:45,3
LF:20
LH:20
BRF:0
BRH:0
end_of_record
TN:
SF:C:\Projects\OrdersTakerMobile\app\components\DarkerStatusBar\DarkerStatusBar.js
FN:6,DarkerStatusBar
FNF:1
FNH:1
FNDA:1,DarkerStatusBar
DA:1,1
DA:2,1
DA:4,1
DA:6,1
DA:9,1
DA:11,1
LF:6
LH:6
BRF:0
BRH:0
end_of_record
TN:
SF:C:\Projects\OrdersTakerMobile\app\components\LoginForm\LoginForm.js
FN:32,(anonymous_0)
FN:32,LoginForm
FN:61,(anonymous_2)
FN:63,(anonymous_3)
FN:74,(anonymous_4)
FN:74,(anonymous_5)
FN:84,(anonymous_6)
FN:84,(anonymous_7)
FN:86,render
FN:149,getDerivedStateFromProps
FN:152,mapStateToProps
FN:155,mapDispatchToProprs
FN:156,loginWithPassword
FN:157,emptyUser
FNF:14
FNH:10
FNDA:1,(anonymous_0)
FNDA:9,LoginForm
FNDA:1,(anonymous_2)
FNDA:1,(anonymous_3)
FNDA:3,(anonymous_4)
FNDA:3,(anonymous_5)
FNDA:3,(anonymous_6)
FNDA:3,(anonymous_7)
FNDA:21,render
FNDA:24,getDerivedStateFromProps
FNDA:0,mapStateToProps
FNDA:0,mapDispatchToProprs
FNDA:0,loginWithPassword
FNDA:0,emptyUser
DA:1,1
DA:2,1
DA:3,1
DA:4,1
DA:6,1
DA:8,1
DA:26,1
DA:27,1
DA:32,26
DA:37,9
DA:61,1
DA:63,1
DA:65,9
DA:74,3
DA:76,9
DA:84,3
DA:86,9
DA:96,21
DA:98,21
DA:149,24
DA:152,1
DA:155,1
DA:156,0
DA:157,0
DA:159,1
LF:25
LH:23
BRDA:76,0,0,3
BRDA:76,0,1,2
BRDA:86,1,0,3
BRDA:86,1,1,2
BRDA:140,2,0,21
BRDA:140,2,1,20
BRDA:149,3,0,1
BRDA:149,3,1,23
BRDA:149,4,0,24
BRDA:149,4,1,3
BRF:10
BRH:10
end_of_record
TN:
SF:C:\Projects\OrdersTakerMobile\app\components\LoginForm\Styles.js
FNF:0
FNH:0
DA:1,1
DA:3,1
DA:5,1
DA:17,1
LF:4
LH:4
BRF:0
BRH:0
end_of_record
TN:
SF:C:\Projects\OrdersTakerMobile\app\components\LoginPanel\LoginPanel.js
FN:11,LoginPanel
FNF:1
FNH:1
FNDA:1,LoginPanel
DA:1,1
DA:2,1
DA:3,1
DA:5,1
DA:6,1
DA:7,1
DA:11,1
DA:21,1
DA:24,1
LF:9
LH:9
BRF:0
BRH:0
end_of_record
TN:
SF:C:\Projects\OrdersTakerMobile\app\components\LoginPanel\Styles.js
FNF:0
FNH:0
DA:1,1
DA:3,1
DA:5,1
DA:26,1
LF:4
LH:4
BRF:0
BRH:0
end_of_record
TN:
SF:C:\Projects\OrdersTakerMobile\app\components\RegisterPanel\RegisterPanel.js
FN:39,(anonymous_0)
FN:39,RegisterPanel
FN:61,(anonymous_2)
FN:61,(anonymous_3)
FN:71,(anonymous_4)
FN:73,(anonymous_5)
FN:73,(anonymous_6)
FN:106,(anonymous_7)
FN:117,(anonymous_8)
FN:127,render
FN:146,onChangeText
FN:183,onChangeText
FN:201,onChangeText
FN:219,onChangeText
FN:248,mapDispatchToProps
FN:249,registerUser
FNF:16
FNH:12
FNDA:1,(anonymous_0)
FNDA:11,RegisterPanel
FNDA:10,(anonymous_2)
FNDA:10,(anonymous_3)
FNDA:1,(anonymous_4)
FNDA:0,(anonymous_5)
FNDA:0,(anonymous_6)
FNDA:10,(anonymous_7)
FNDA:1,(anonymous_8)
FNDA:55,render
FNDA:1,onChangeText
FNDA:1,onChangeText
FNDA:1,onChangeText
FNDA:1,onChangeText
FNDA:0,mapDispatchToProps
FNDA:0,registerUser
DA:1,1
DA:2,1
DA:3,1
DA:4,1
DA:5,1
DA:7,1
DA:8,1
DA:10,1
DA:11,1
DA:12,1
DA:13,1
DA:14,1
DA:15,1
DA:39,32
DA:52,11
DA:61,10
DA:63,10
DA:65,3
DA:66,3
DA:67,1
DA:70,2
DA:71,2
DA:72,1
DA:73,1
DA:74,0
DA:83,3
DA:85,2
DA:86,2
DA:87,1
DA:89,2
DA:91,2
DA:92,2
DA:93,1
DA:95,2
DA:97,2
DA:98,2
DA:99,1
DA:101,2
DA:103,1
DA:106,10
DA:108,10
DA:109,10
DA:111,11
DA:118,1
DA:122,1
DA:127,11
DA:133,55
DA:137,55
DA:138,55
DA:146,1
DA:183,1
DA:201,1
DA:219,1
DA:245,1
DA:248,1
DA:249,0
DA:251,1
LF:57
LH:55
BRDA:63,0,0,3
BRDA:63,0,1,2
BRDA:63,0,2,2
BRDA:63,0,3,2
BRDA:63,0,4,1
BRDA:66,1,0,1
BRDA:66,1,1,2
BRDA:70,2,0,1
BRDA:70,2,1,1
BRDA:76,3,0,0
BRDA:76,3,1,0
BRDA:76,3,2,0
BRDA:76,3,3,0
BRDA:76,3,4,0
BRDA:79,4,0,0
BRDA:79,4,1,0
BRDA:86,5,0,1
BRDA:86,5,1,1
BRDA:92,6,0,1
BRDA:92,6,1,1
BRDA:98,7,0,1
BRDA:98,7,1,1
BRDA:109,8,0,10
BRDA:109,8,1,2
BRDA:109,9,0,10
BRDA:109,9,1,3
BRDA:109,9,2,2
BRDA:109,9,3,2
BRDA:109,10,0,2
BRDA:109,10,1,2
BRDA:109,10,2,2
BRDA:160,11,0,55
BRDA:160,11,1,4
BRDA:174,12,0,55
BRDA:174,12,1,2
BRDA:237,13,0,55
BRDA:237,13,1,55
BRF:37
BRH:30
end_of_record
TN:
SF:C:\Projects\OrdersTakerMobile\app\components\RegisterPanel\Styles.js
FNF:0
FNH:0
DA:1,1
DA:3,1
DA:5,1
DA:23,1
LF:4
LH:4
BRF:0
BRH:0
end_of_record
TN:
SF:C:\Projects\OrdersTakerMobile\app\components\SocialLoginPanel\SocialLoginPanel.js
FN:8,SocialLoginPanel
FNF:1
FNH:1
FNDA:1,SocialLoginPanel
DA:1,1
DA:2,1
DA:3,1
DA:5,1
DA:6,1
DA:8,1
DA:35,1
DA:42,1
LF:8
LH:8
BRF:0
BRH:0
end_of_record
TN:
SF:C:\Projects\OrdersTakerMobile\app\components\SocialLoginPanel\Styles.js
FNF:0
FNH:0
DA:1,1
DA:2,1
DA:4,1
DA:19,1
LF:4
LH:4
BRF:0
BRH:0
end_of_record
TN:
SF:C:\Projects\OrdersTakerMobile\app\screens\LoginScreen.js
FN:29,(anonymous_0)
FN:29,LoginScreen
FN:42,(anonymous_2)
FN:44,(anonymous_3)
FN:44,(anonymous_4)
FN:51,(anonymous_5)
FN:51,(anonymous_6)
FN:51,render
FNF:8
FNH:8
FNDA:1,(anonymous_0)
FNDA:5,LoginScreen
FNDA:1,(anonymous_2)
FNDA:1,(anonymous_3)
FNDA:1,(anonymous_4)
FNDA:1,(anonymous_5)
FNDA:1,(anonymous_6)
FNDA:9,render
DA:1,1
DA:2,1
DA:3,1
DA:5,1
DA:6,1
DA:7,1
DA:8,1
DA:22,1
DA:23,1
DA:24,1
DA:29,14
DA:34,5
DA:42,1
DA:44,5
DA:51,5
DA:60,9
DA:61,9
DA:85,1
DA:88,1
LF:19
LH:19
BRDA:64,0,0,9
BRDA:64,0,1,7
BRDA:66,1,0,9
BRDA:66,1,1,2
BRDA:73,2,0,2
BRDA:73,2,1,7
BRF:6
BRH:6
end_of_record
TN:
SF:C:\Projects\OrdersTakerMobile\app\screens\SafeAreaScreen.js
FN:25,SafeAreaScreen
FNF:1
FNH:1
FNDA:3,SafeAreaScreen
DA:1,2
DA:2,2
DA:4,2
DA:5,2
DA:7,2
DA:25,3
DA:28,2
DA:31,2
LF:8
LH:8
BRF:0
BRH:0
end_of_record
