TN:
SF:C:\Projects\OrdersTakerMobile\app\Theme.js
FNF:0
FNH:0
DA:1,6
DA:14,6
LF:2
LH:2
BRF:0
BRH:0
end_of_record
TN:
SF:C:\Projects\OrdersTakerMobile\app\config.js
FNF:0
FNH:0
DA:1,3
DA:2,3
DA:3,3
DA:4,3
DA:7,3
DA:9,3
DA:11,3
DA:12,3
DA:14,3
DA:15,3
DA:16,3
DA:17,3
DA:18,3
DA:21,3
DA:22,3
DA:25,3
DA:26,3
DA:27,3
DA:28,3
DA:29,3
DA:32,3
DA:33,3
LF:22
LH:22
BRF:0
BRH:0
end_of_record
TN:
SF:C:\Projects\OrdersTakerMobile\app\actions\ActionTypes.js
FNF:0
FNH:0
DA:1,3
DA:2,3
DA:3,3
DA:4,3
DA:5,3
DA:6,3
DA:7,3
DA:8,3
DA:9,3
DA:10,3
DA:11,3
DA:12,3
DA:13,3
DA:14,3
LF:14
LH:14
BRF:0
BRH:0
end_of_record
TN:
SF:C:\Projects\OrdersTakerMobile\app\actions\ApiUrls.js
FNF:0
FNH:0
DA:1,3
DA:4,3
DA:5,3
DA:6,3
DA:7,3
DA:8,3
DA:9,3
DA:11,3
DA:12,3
DA:13,3
DA:14,3
DA:15,3
DA:16,3
DA:17,3
DA:18,3
DA:19,3
DA:20,3
DA:21,3
DA:22,3
LF:19
LH:19
BRF:0
BRH:0
end_of_record
TN:
SF:C:\Projects\OrdersTakerMobile\app\actions\BasicInformationActions.js
FN:6,fetchInformationSccuess
FN:11,fetchBasicInformation
FN:11,(anonymous_2)
FN:12,(anonymous_3)
FN:13,(anonymous_4)
FNF:5
FNH:5
FNDA:1,fetchInformationSccuess
FNDA:2,fetchBasicInformation
FNDA:2,(anonymous_2)
FNDA:1,(anonymous_3)
FNDA:1,(anonymous_4)
DA:1,1
DA:3,1
DA:4,1
DA:6,1
DA:11,2
DA:12,1
DA:13,1
DA:15,1
LF:8
LH:8
BRF:0
BRH:0
end_of_record
TN:
SF:C:\Projects\OrdersTakerMobile\app\actions\UserActions.js
FN:10,userLogoutSuccess
FN:15,userLoginSuccess
FN:20,parserUserFromJwtSuccess
FN:25,emptyUser
FN:27,logout
FN:27,(anonymous_5)
FN:29,registerUser
FN:29,(anonymous_7)
FN:30,(anonymous_8)
FN:34,(anonymous_9)
FN:36,loginWithPassword
FN:36,(anonymous_11)
FN:36,(anonymous_12)
FN:39,(anonymous_13)
FN:41,checkUsernameAvailable
FN:41,(anonymous_15)
FN:42,(anonymous_16)
FN:42,(anonymous_17)
FN:44,parserUserFromJwt
FN:44,(anonymous_19)
FN:45,(anonymous_20)
FN:45,(anonymous_21)
FNF:22
FNH:21
FNDA:1,userLogoutSuccess
FNDA:4,userLoginSuccess
FNDA:1,parserUserFromJwtSuccess
FNDA:1,emptyUser
FNDA:1,logout
FNDA:1,(anonymous_5)
FNDA:2,registerUser
FNDA:2,(anonymous_7)
FNDA:1,(anonymous_8)
FNDA:1,(anonymous_9)
FNDA:3,loginWithPassword
FNDA:3,(anonymous_11)
FNDA:2,(anonymous_12)
FNDA:1,(anonymous_13)
FNDA:2,checkUsernameAvailable
FNDA:2,(anonymous_15)
FNDA:0,(anonymous_16)
FNDA:2,(anonymous_17)
FNDA:2,parserUserFromJwt
FNDA:2,(anonymous_19)
FNDA:1,(anonymous_20)
FNDA:1,(anonymous_21)
DA:1,2
DA:3,2
DA:4,2
DA:7,2
DA:10,2
DA:15,4
DA:20,2
DA:25,2
DA:27,2
DA:29,2
DA:30,1
DA:32,1
DA:34,2
DA:36,3
DA:38,2
DA:39,2
DA:41,2
DA:42,2
DA:44,2
DA:45,2
LF:20
LH:20
BRF:0
BRH:0
end_of_record
TN:
SF:C:\Projects\OrdersTakerMobile\app\components\DarkerStatusBar\DarkerStatusBar.js
FN:6,DarkerStatusBar
FNF:1
FNH:1
FNDA:1,DarkerStatusBar
DA:1,1
DA:2,1
DA:4,1
DA:6,1
DA:9,1
DA:11,1
LF:6
LH:6
BRF:0
BRH:0
end_of_record
TN:
SF:C:\Projects\OrdersTakerMobile\app\components\LoginForm\LoginForm.js
FN:32,(anonymous_0)
FN:32,LoginForm
FN:62,(anonymous_2)
FN:64,(anonymous_3)
FN:75,(anonymous_4)
FN:75,(anonymous_5)
FN:85,(anonymous_6)
FN:85,(anonymous_7)
FN:87,render
FN:150,getDerivedStateFromProps
FN:153,mapStateToProps
FN:156,mapDispatchToProprs
FN:157,loginWithPassword
FN:158,emptyUser
FNF:14
FNH:10
FNDA:1,(anonymous_0)
FNDA:9,LoginForm
FNDA:1,(anonymous_2)
FNDA:1,(anonymous_3)
FNDA:3,(anonymous_4)
FNDA:3,(anonymous_5)
FNDA:3,(anonymous_6)
FNDA:3,(anonymous_7)
FNDA:21,render
FNDA:24,getDerivedStateFromProps
FNDA:0,mapStateToProps
FNDA:0,mapDispatchToProprs
FNDA:0,loginWithPassword
FNDA:0,emptyUser
DA:1,1
DA:2,1
DA:3,1
DA:4,1
DA:6,1
DA:8,1
DA:26,1
DA:27,1
DA:32,26
DA:38,9
DA:62,1
DA:64,1
DA:66,9
DA:75,3
DA:77,9
DA:85,3
DA:87,9
DA:97,21
DA:99,21
DA:150,24
DA:153,1
DA:156,1
DA:157,0
DA:158,0
DA:160,1
LF:25
LH:23
BRDA:77,0,0,3
BRDA:77,0,1,2
BRDA:87,1,0,3
BRDA:87,1,1,2
BRDA:141,2,0,21
BRDA:141,2,1,20
BRDA:150,3,0,1
BRDA:150,3,1,23
BRDA:150,4,0,24
BRDA:150,4,1,3
BRF:10
BRH:10
end_of_record
TN:
SF:C:\Projects\OrdersTakerMobile\app\components\LoginForm\Styles.js
FNF:0
FNH:0
DA:1,1
DA:3,1
DA:5,1
DA:17,1
LF:4
LH:4
BRF:0
BRH:0
end_of_record
TN:
SF:C:\Projects\OrdersTakerMobile\app\components\LoginPanel\LoginPanel.js
FN:11,LoginPanel
FNF:1
FNH:1
FNDA:1,LoginPanel
DA:1,1
DA:2,1
DA:3,1
DA:5,1
DA:6,1
DA:7,1
DA:11,1
DA:21,1
DA:24,1
LF:9
LH:9
BRF:0
BRH:0
end_of_record
TN:
SF:C:\Projects\OrdersTakerMobile\app\components\LoginPanel\Styles.js
FNF:0
FNH:0
DA:1,1
DA:3,1
DA:5,1
DA:26,1
LF:4
LH:4
BRF:0
BRH:0
end_of_record
TN:
SF:C:\Projects\OrdersTakerMobile\app\components\SocialLoginPanel\SocialLoginPanel.js
FN:8,SocialLoginPanel
FNF:1
FNH:1
FNDA:1,SocialLoginPanel
DA:1,1
DA:2,1
DA:3,1
DA:5,1
DA:6,1
DA:8,1
DA:35,1
DA:42,1
LF:8
LH:8
BRF:0
BRH:0
end_of_record
TN:
SF:C:\Projects\OrdersTakerMobile\app\components\SocialLoginPanel\Styles.js
FNF:0
FNH:0
DA:1,1
DA:2,1
DA:4,1
DA:19,1
LF:4
LH:4
BRF:0
BRH:0
end_of_record
TN:
SF:C:\Projects\OrdersTakerMobile\app\screens\LoginScreen.js
FN:29,(anonymous_0)
FN:29,LoginScreen
FN:42,(anonymous_2)
FN:44,(anonymous_3)
FN:44,(anonymous_4)
FN:51,(anonymous_5)
FN:51,(anonymous_6)
FN:51,render
FNF:8
FNH:8
FNDA:1,(anonymous_0)
FNDA:5,LoginScreen
FNDA:1,(anonymous_2)
FNDA:1,(anonymous_3)
FNDA:1,(anonymous_4)
FNDA:1,(anonymous_5)
FNDA:1,(anonymous_6)
FNDA:9,render
DA:1,1
DA:2,1
DA:3,1
DA:5,1
DA:6,1
DA:7,1
DA:8,1
DA:22,1
DA:23,1
DA:24,1
DA:29,14
DA:34,5
DA:42,1
DA:44,5
DA:51,5
DA:60,9
DA:61,9
DA:85,1
DA:88,1
LF:19
LH:19
BRDA:64,0,0,9
BRDA:64,0,1,7
BRDA:66,1,0,9
BRDA:66,1,1,2
BRDA:73,2,0,2
BRDA:73,2,1,7
BRF:6
BRH:6
end_of_record
TN:
SF:C:\Projects\OrdersTakerMobile\app\screens\SafeAreaScreen.js
FN:25,SafeAreaScreen
FNF:1
FNH:1
FNDA:3,SafeAreaScreen
DA:1,2
DA:2,2
DA:4,2
DA:5,2
DA:7,2
DA:25,3
DA:28,2
DA:31,2
LF:8
LH:8
BRF:0
BRH:0
end_of_record
